
Usage: npm <command>

where <command> is one of:
    add-user, adduser, apihelp, author, bin, bugs, c, cache,
    completion, config, ddp, dedupe, deprecate, docs, edit,
    explore, faq, find, find-dupes, get, help, help-search,
    home, i, info, init, install, issues, la, link, list, ll,
    ln, login, ls, outdated, owner, pack, prefix, prune,
    publish, r, rb, rebuild, remove, repo, restart, rm, root,
    run-script, s, se, search, set, show, shrinkwrap, star,
    stars, start, stop, submodule, t, tag, test, tst, un,
    uninstall, unlink, unpublish, unstar, up, update, v,
    version, view, whoami

npm <cmd> -h     quick help on <cmd>
npm -l           display full usage info
npm faq          commonly asked questions
npm help <term>  search for help on <term>
npm help npm     involved overview

Specify configs in the ini-formatted file:
    /home/ubuntu/.npmrc
or on the command line via: npm <command> --key value
Config info can be viewed via: npm help config

npm@2.0.0 /home/ubuntu/.nvm/v0.11.14/lib/node_modules/npm
